━━━━━━━━━━━━━━━━━━━━━━━━━━━━━━━━━━━━━━━━━━━━━━━━━━━━━━━━━━━━
  Socket CLI - Custom Node.js Builder
  Node.js v24.10.0 with yao-pkg + Socket patches
  Started: 2025-10-17T19:26:12.850Z
━━━━━━━━━━━━━━━━━━━━━━━━━━━━━━━━━━━━━━━━━━━━━━━━━━━━━━━━━━━━

Phase 1: Pre-flight Checks
Pre-flight checks completed

Phase 2: Patch Availability Check
━━━━━━━━━━━━━━━━━━━━━━━━━━━━━━━━━━━━━━━━━━━━━━━━━━━━━━━━━━━━
  Socket CLI - Custom Node.js Builder
  Node.js v24.10.0 with yao-pkg + Socket patches
  Started: 2025-10-17T19:30:25.981Z
━━━━━━━━━━━━━━━━━━━━━━━━━━━━━━━━━━━━━━━━━━━━━━━━━━━━━━━━━━━━

Phase 1: Pre-flight Checks
Pre-flight checks completed

Phase 2: Patch Availability Check
━━━━━━━━━━━━━━━━━━━━━━━━━━━━━━━━━━━━━━━━━━━━━━━━━━━━━━━━━━━━
  Socket CLI - Custom Node.js Builder
  Node.js v24.10.0 with yao-pkg + Socket patches
  Started: 2025-10-17T19:50:33.347Z
━━━━━━━━━━━━━━━━━━━━━━━━━━━━━━━━━━━━━━━━━━━━━━━━━━━━━━━━━━━━

Phase 1: Pre-flight Checks
Pre-flight checks completed

Phase 2: Patch Availability Check
━━━━━━━━━━━━━━━━━━━━━━━━━━━━━━━━━━━━━━━━━━━━━━━━━━━━━━━━━━━━
  Socket CLI - Custom Node.js Builder
  Node.js v24.10.0 with yao-pkg + Socket patches
  Started: 2025-10-17T20:06:27.560Z
━━━━━━━━━━━━━━━━━━━━━━━━━━━━━━━━━━━━━━━━━━━━━━━━━━━━━━━━━━━━

Phase 1: Pre-flight Checks
Pre-flight checks completed

Phase 2: Patch Availability Check
━━━━━━━━━━━━━━━━━━━━━━━━━━━━━━━━━━━━━━━━━━━━━━━━━━━━━━━━━━━━
  Socket CLI - Custom Node.js Builder
  Node.js v24.10.0 with yao-pkg + Socket patches
  Started: 2025-10-17T20:08:52.412Z
━━━━━━━━━━━━━━━━━━━━━━━━━━━━━━━━━━━━━━━━━━━━━━━━━━━━━━━━━━━━

Phase 1: Pre-flight Checks
Pre-flight checks completed

Phase 2: Patch Availability Check
━━━━━━━━━━━━━━━━━━━━━━━━━━━━━━━━━━━━━━━━━━━━━━━━━━━━━━━━━━━━
  Socket CLI - Custom Node.js Builder
  Node.js v24.10.0 with yao-pkg + Socket patches
  Started: 2025-10-18T00:58:25.127Z
━━━━━━━━━━━━━━━━━━━━━━━━━━━━━━━━━━━━━━━━━━━━━━━━━━━━━━━━━━━━

Phase 1: Pre-flight Checks
Pre-flight checks completed

Phase 2: Patch Availability Check
━━━━━━━━━━━━━━━━━━━━━━━━━━━━━━━━━━━━━━━━━━━━━━━━━━━━━━━━━━━━
  Socket CLI - Custom Node.js Builder
  Node.js v24.10.0 with yao-pkg + Socket patches
  Started: 2025-10-18T01:29:48.455Z
━━━━━━━━━━━━━━━━━━━━━━━━━━━━━━━━━━━━━━━━━━━━━━━━━━━━━━━━━━━━

Phase 1: Pre-flight Checks
Pre-flight checks completed

Phase 2: Patch Availability Check
━━━━━━━━━━━━━━━━━━━━━━━━━━━━━━━━━━━━━━━━━━━━━━━━━━━━━━━━━━━━
  Socket CLI - Custom Node.js Builder
  Node.js v24.10.0 with yao-pkg + Socket patches
  Started: 2025-10-18T02:15:21.045Z
━━━━━━━━━━━━━━━━━━━━━━━━━━━━━━━━━━━━━━━━━━━━━━━━━━━━━━━━━━━━

Phase 1: Pre-flight Checks
Pre-flight checks completed

Phase 2: Patch Availability Check
━━━━━━━━━━━━━━━━━━━━━━━━━━━━━━━━━━━━━━━━━━━━━━━━━━━━━━━━━━━━
  Socket CLI - Custom Node.js Builder
  Node.js v24.10.0 with yao-pkg + Socket patches
  Started: 2025-10-18T03:26:09.178Z
━━━━━━━━━━━━━━━━━━━━━━━━━━━━━━━━━━━━━━━━━━━━━━━━━━━━━━━━━━━━

Phase 1: Pre-flight Checks
Pre-flight checks completed

Phase 2: Patch Availability Check
━━━━━━━━━━━━━━━━━━━━━━━━━━━━━━━━━━━━━━━━━━━━━━━━━━━━━━━━━━━━
  Socket CLI - Custom Node.js Builder
  Node.js v24.10.0 with yao-pkg + Socket patches
  Started: 2025-10-18T04:36:09.878Z
━━━━━━━━━━━━━━━━━━━━━━━━━━━━━━━━━━━━━━━━━━━━━━━━━━━━━━━━━━━━

Phase 1: Pre-flight Checks
Pre-flight checks completed

Phase 2: Patch Availability Check
━━━━━━━━━━━━━━━━━━━━━━━━━━━━━━━━━━━━━━━━━━━━━━━━━━━━━━━━━━━━
  Socket CLI - Custom Node.js Builder
  Node.js v24.10.0 with minimal PKG + Socket patches
  Started: 2025-10-18T05:35:33.130Z
━━━━━━━━━━━━━━━━━━━━━━━━━━━━━━━━━━━━━━━━━━━━━━━━━━━━━━━━━━━━

Phase 1: Pre-flight Checks
Pre-flight checks completed

Phase 2: Minimal PKG Patch Check
━━━━━━━━━━━━━━━━━━━━━━━━━━━━━━━━━━━━━━━━━━━━━━━━━━━━━━━━━━━━
  Socket CLI - Custom Node.js Builder
  Node.js v24.10.0 with minimal PKG + Socket patches
  Started: 2025-10-18T05:57:50.649Z
━━━━━━━━━━━━━━━━━━━━━━━━━━━━━━━━━━━━━━━━━━━━━━━━━━━━━━━━━━━━

Phase 1: Pre-flight Checks
Pre-flight checks completed

Phase 2: Minimal PKG Patch Check
━━━━━━━━━━━━━━━━━━━━━━━━━━━━━━━━━━━━━━━━━━━━━━━━━━━━━━━━━━━━
  Socket CLI - Custom Node.js Builder
  Node.js v24.10.0 with minimal PKG + Socket patches
  Started: 2025-10-18T06:01:05.553Z
━━━━━━━━━━━━━━━━━━━━━━━━━━━━━━━━━━━━━━━━━━━━━━━━━━━━━━━━━━━━

Phase 1: Pre-flight Checks
Pre-flight checks completed

Phase 2: Minimal PKG Patch Check
━━━━━━━━━━━━━━━━━━━━━━━━━━━━━━━━━━━━━━━━━━━━━━━━━━━━━━━━━━━━
  Socket CLI - Custom Node.js Builder
  Node.js v24.10.0 with minimal PKG + Socket patches
  Started: 2025-10-18T06:03:25.826Z
━━━━━━━━━━━━━━━━━━━━━━━━━━━━━━━━━━━━━━━━━━━━━━━━━━━━━━━━━━━━

Phase 1: Pre-flight Checks
Pre-flight checks completed

Phase 2: Minimal PKG Patch Check
━━━━━━━━━━━━━━━━━━━━━━━━━━━━━━━━━━━━━━━━━━━━━━━━━━━━━━━━━━━━
  Socket CLI - Custom Node.js Builder
  Node.js v24.10.0 with combined PKG + Socket patches
  Started: 2025-10-18T06:06:03.267Z
━━━━━━━━━━━━━━━━━━━━━━━━━━━━━━━━━━━━━━━━━━━━━━━━━━━━━━━━━━━━

Phase 1: Pre-flight Checks
Pre-flight checks completed

Phase 2: Combined PKG Patch Check
━━━━━━━━━━━━━━━━━━━━━━━━━━━━━━━━━━━━━━━━━━━━━━━━━━━━━━━━━━━━
  Socket CLI - Custom Node.js Builder
  Node.js v24.10.0 with minimal PKG + Socket patches
  Started: 2025-10-18T06:08:47.226Z
━━━━━━━━━━━━━━━━━━━━━━━━━━━━━━━━━━━━━━━━━━━━━━━━━━━━━━━━━━━━

Phase 1: Pre-flight Checks
Pre-flight checks completed

Phase 2: Minimal PKG Patch Check
━━━━━━━━━━━━━━━━━━━━━━━━━━━━━━━━━━━━━━━━━━━━━━━━━━━━━━━━━━━━
  Socket CLI - Custom Node.js Builder
  Node.js v24.10.0 with minimal PKG + Socket patches
  Started: 2025-10-18T06:09:44.922Z
━━━━━━━━━━━━━━━━━━━━━━━━━━━━━━━━━━━━━━━━━━━━━━━━━━━━━━━━━━━━

Phase 1: Pre-flight Checks
Pre-flight checks completed

Phase 2: Minimal PKG Patch Check
━━━━━━━━━━━━━━━━━━━━━━━━━━━━━━━━━━━━━━━━━━━━━━━━━━━━━━━━━━━━
  Socket CLI - Custom Node.js Builder
  Node.js v24.10.0 with minimal PKG + Socket patches
  Started: 2025-10-18T06:12:50.876Z
━━━━━━━━━━━━━━━━━━━━━━━━━━━━━━━━━━━━━━━━━━━━━━━━━━━━━━━━━━━━

Phase 1: Pre-flight Checks
Pre-flight checks completed

Phase 2: Minimal PKG Patch Check
━━━━━━━━━━━━━━━━━━━━━━━━━━━━━━━━━━━━━━━━━━━━━━━━━━━━━━━━━━━━
  Socket CLI - Custom Node.js Builder
  Node.js v24.10.0 with minimal PKG + Socket patches
  Started: 2025-10-18T06:30:23.233Z
━━━━━━━━━━━━━━━━━━━━━━━━━━━━━━━━━━━━━━━━━━━━━━━━━━━━━━━━━━━━

Phase 1: Pre-flight Checks
Pre-flight checks completed

Phase 2: Minimal PKG Patch Check
━━━━━━━━━━━━━━━━━━━━━━━━━━━━━━━━━━━━━━━━━━━━━━━━━━━━━━━━━━━━
  Socket CLI - Custom Node.js Builder
  Node.js v24.10.0 with minimal PKG + Socket patches
  Started: 2025-10-18T07:03:06.859Z
━━━━━━━━━━━━━━━━━━━━━━━━━━━━━━━━━━━━━━━━━━━━━━━━━━━━━━━━━━━━

Phase 1: Pre-flight Checks
Pre-flight checks completed

Phase 2: Minimal PKG Patch Check
━━━━━━━━━━━━━━━━━━━━━━━━━━━━━━━━━━━━━━━━━━━━━━━━━━━━━━━━━━━━
  Socket CLI - Custom Node.js Builder
  Node.js v24.10.0 with minimal PKG + Socket patches
  Started: 2025-10-18T07:13:35.920Z
━━━━━━━━━━━━━━━━━━━━━━━━━━━━━━━━━━━━━━━━━━━━━━━━━━━━━━━━━━━━

Phase 1: Pre-flight Checks
Pre-flight checks completed

Phase 2: Minimal PKG Patch Check
━━━━━━━━━━━━━━━━━━━━━━━━━━━━━━━━━━━━━━━━━━━━━━━━━━━━━━━━━━━━
  Socket CLI - Custom Node.js Builder
  Node.js v24.10.0 with minimal PKG + Socket patches
  Started: 2025-10-18T07:26:14.542Z
━━━━━━━━━━━━━━━━━━━━━━━━━━━━━━━━━━━━━━━━━━━━━━━━━━━━━━━━━━━━

Phase 1: Pre-flight Checks
Pre-flight checks completed

Phase 2: Minimal PKG Patch Check
━━━━━━━━━━━━━━━━━━━━━━━━━━━━━━━━━━━━━━━━━━━━━━━━━━━━━━━━━━━━
  Socket CLI - Custom Node.js Builder
  Node.js v24.10.0 with minimal PKG + Socket patches
  Started: 2025-10-18T07:39:21.466Z
━━━━━━━━━━━━━━━━━━━━━━━━━━━━━━━━━━━━━━━━━━━━━━━━━━━━━━━━━━━━

Phase 1: Pre-flight Checks
Pre-flight checks completed

Phase 2: Minimal PKG Patch Check
━━━━━━━━━━━━━━━━━━━━━━━━━━━━━━━━━━━━━━━━━━━━━━━━━━━━━━━━━━━━
  Socket CLI - Custom Node.js Builder
  Node.js v24.10.0 with minimal PKG + Socket patches
  Started: 2025-10-18T11:12:25.290Z
━━━━━━━━━━━━━━━━━━━━━━━━━━━━━━━━━━━━━━━━━━━━━━━━━━━━━━━━━━━━

Phase 1: Pre-flight Checks
Pre-flight checks completed

Phase 2: Minimal PKG Patch Check
━━━━━━━━━━━━━━━━━━━━━━━━━━━━━━━━━━━━━━━━━━━━━━━━━━━━━━━━━━━━
  Socket CLI - Custom Node.js Builder
  Node.js v24.10.0 with yao-pkg + Socket patches
  Started: 2025-10-18T11:54:23.932Z
━━━━━━━━━━━━━━━━━━━━━━━━━━━━━━━━━━━━━━━━━━━━━━━━━━━━━━━━━━━━

Phase 1: Pre-flight Checks
━━━━━━━━━━━━━━━━━━━━━━━━━━━━━━━━━━━━━━━━━━━━━━━━━━━━━━━━━━━━
  Socket CLI - Custom Node.js Builder
  Node.js v24.10.0 with yao-pkg + Socket patches
  Started: 2025-10-18T13:39:16.840Z
━━━━━━━━━━━━━━━━━━━━━━━━━━━━━━━━━━━━━━━━━━━━━━━━━━━━━━━━━━━━

Phase 1: Pre-flight Checks
Pre-flight checks completed

Phase 2: Patch Availability Check
━━━━━━━━━━━━━━━━━━━━━━━━━━━━━━━━━━━━━━━━━━━━━━━━━━━━━━━━━━━━
  Socket CLI - Custom Node.js Builder
  Node.js v24.10.0 with yao-pkg + Socket patches
  Started: 2025-10-19T02:11:26.391Z
━━━━━━━━━━━━━━━━━━━━━━━━━━━━━━━━━━━━━━━━━━━━━━━━━━━━━━━━━━━━

Phase 1: Pre-flight Checks
Pre-flight checks completed

Phase 2: Patch Availability Check
━━━━━━━━━━━━━━━━━━━━━━━━━━━━━━━━━━━━━━━━━━━━━━━━━━━━━━━━━━━━
  Socket CLI - Custom Node.js Builder
  Node.js v24.10.0 with yao-pkg + Socket patches
  Started: 2025-10-19T02:59:40.287Z
━━━━━━━━━━━━━━━━━━━━━━━━━━━━━━━━━━━━━━━━━━━━━━━━━━━━━━━━━━━━

Phase 1: Pre-flight Checks
Pre-flight checks completed

Phase 2: Patch Availability Check
━━━━━━━━━━━━━━━━━━━━━━━━━━━━━━━━━━━━━━━━━━━━━━━━━━━━━━━━━━━━
  Socket CLI - Custom Node.js Builder
  Node.js v24.10.0 with yao-pkg + Socket patches
  Started: 2025-10-19T03:52:51.373Z
━━━━━━━━━━━━━━━━━━━━━━━━━━━━━━━━━━━━━━━━━━━━━━━━━━━━━━━━━━━━

Phase 1: Pre-flight Checks
Pre-flight checks completed

Phase 2: Patch Availability Check
━━━━━━━━━━━━━━━━━━━━━━━━━━━━━━━━━━━━━━━━━━━━━━━━━━━━━━━━━━━━
  Socket CLI - Custom Node.js Builder
  Node.js v24.10.0 with yao-pkg + Socket patches
  Started: 2025-10-19T04:29:29.133Z
━━━━━━━━━━━━━━━━━━━━━━━━━━━━━━━━━━━━━━━━━━━━━━━━━━━━━━━━━━━━

Phase 1: Pre-flight Checks
Pre-flight checks completed

Phase 2: Patch Availability Check
━━━━━━━━━━━━━━━━━━━━━━━━━━━━━━━━━━━━━━━━━━━━━━━━━━━━━━━━━━━━
  Socket CLI - Custom Node.js Builder
  Node.js v24.10.0 with yao-pkg + Socket patches
  Started: 2025-10-19T04:32:15.194Z
━━━━━━━━━━━━━━━━━━━━━━━━━━━━━━━━━━━━━━━━━━━━━━━━━━━━━━━━━━━━

Phase 1: Pre-flight Checks
Pre-flight checks completed

Phase 2: Patch Availability Check
━━━━━━━━━━━━━━━━━━━━━━━━━━━━━━━━━━━━━━━━━━━━━━━━━━━━━━━━━━━━
  Socket CLI - Custom Node.js Builder
  Node.js v24.10.0 with yao-pkg + Socket patches
  Started: 2025-10-19T04:33:28.416Z
━━━━━━━━━━━━━━━━━━━━━━━━━━━━━━━━━━━━━━━━━━━━━━━━━━━━━━━━━━━━

Phase 1: Pre-flight Checks
Pre-flight checks completed

Phase 2: Patch Availability Check
━━━━━━━━━━━━━━━━━━━━━━━━━━━━━━━━━━━━━━━━━━━━━━━━━━━━━━━━━━━━
  Socket CLI - Custom Node.js Builder
  Node.js v24.10.0 with yao-pkg + Socket patches
  Started: 2025-10-19T04:34:55.326Z
━━━━━━━━━━━━━━━━━━━━━━━━━━━━━━━━━━━━━━━━━━━━━━━━━━━━━━━━━━━━

Phase 1: Pre-flight Checks
Pre-flight checks completed

Phase 2: Patch Availability Check
━━━━━━━━━━━━━━━━━━━━━━━━━━━━━━━━━━━━━━━━━━━━━━━━━━━━━━━━━━━━
  Socket CLI - Custom Node.js Builder
  Node.js v24.10.0 with yao-pkg + Socket patches
  Started: 2025-10-19T04:43:56.785Z
━━━━━━━━━━━━━━━━━━━━━━━━━━━━━━━━━━━━━━━━━━━━━━━━━━━━━━━━━━━━

Phase 1: Pre-flight Checks
Pre-flight checks completed

Phase 2: Patch Availability Check
━━━━━━━━━━━━━━━━━━━━━━━━━━━━━━━━━━━━━━━━━━━━━━━━━━━━━━━━━━━━
  Socket CLI - Custom Node.js Builder
  Node.js v24.10.0 with yao-pkg + Socket patches
  Started: 2025-10-19T04:51:32.609Z
━━━━━━━━━━━━━━━━━━━━━━━━━━━━━━━━━━━━━━━━━━━━━━━━━━━━━━━━━━━━

Phase 1: Pre-flight Checks
Pre-flight checks completed

Phase 2: Patch Availability Check
━━━━━━━━━━━━━━━━━━━━━━━━━━━━━━━━━━━━━━━━━━━━━━━━━━━━━━━━━━━━
  Socket CLI - Custom Node.js Builder
  Node.js v24.10.0 with pkg + Socket patches
  Started: 2025-10-19T05:00:07.765Z
━━━━━━━━━━━━━━━━━━━━━━━━━━━━━━━━━━━━━━━━━━━━━━━━━━━━━━━━━━━━

Phase 1: Pre-flight Checks
Pre-flight checks completed

Phase 2: Patch Verification
━━━━━━━━━━━━━━━━━━━━━━━━━━━━━━━━━━━━━━━━━━━━━━━━━━━━━━━━━━━━
  Socket CLI - Custom Node.js Builder
  Node.js v24.10.0 with custom patches
  Started: 2025-10-19T05:39:27.808Z
━━━━━━━━━━━━━━━━━━━━━━━━━━━━━━━━━━━━━━━━━━━━━━━━━━━━━━━━━━━━

Phase 1: Pre-flight Checks
Pre-flight checks completed

━━━━━━━━━━━━━━━━━━━━━━━━━━━━━━━━━━━━━━━━━━━━━━━━━━━━━━━━━━━━
  Socket CLI - Custom Node.js Builder
  Node.js v24.10.0 with custom patches
  Started: 2025-10-19T06:05:50.496Z
━━━━━━━━━━━━━━━━━━━━━━━━━━━━━━━━━━━━━━━━━━━━━━━━━━━━━━━━━━━━

Phase 1: Pre-flight Checks
Pre-flight checks completed

━━━━━━━━━━━━━━━━━━━━━━━━━━━━━━━━━━━━━━━━━━━━━━━━━━━━━━━━━━━━
  Socket CLI - Custom Node.js Builder
  Node.js v24.10.0 with custom patches
  Started: 2025-10-19T06:43:44.591Z
━━━━━━━━━━━━━━━━━━━━━━━━━━━━━━━━━━━━━━━━━━━━━━━━━━━━━━━━━━━━

Phase 1: Pre-flight Checks
Pre-flight checks completed

━━━━━━━━━━━━━━━━━━━━━━━━━━━━━━━━━━━━━━━━━━━━━━━━━━━━━━━━━━━━
  Socket CLI - Custom Node.js Builder
  Node.js v24.10.0 with custom patches
  Started: 2025-10-19T06:44:34.969Z
━━━━━━━━━━━━━━━━━━━━━━━━━━━━━━━━━━━━━━━━━━━━━━━━━━━━━━━━━━━━

Phase 1: Pre-flight Checks
Pre-flight checks completed

━━━━━━━━━━━━━━━━━━━━━━━━━━━━━━━━━━━━━━━━━━━━━━━━━━━━━━━━━━━━
  Socket CLI - Custom Node.js Builder
  Node.js v24.10.0 with custom patches
  Started: 2025-10-19T11:55:20.269Z
━━━━━━━━━━━━━━━━━━━━━━━━━━━━━━━━━━━━━━━━━━━━━━━━━━━━━━━━━━━━

Phase 1: Pre-flight Checks
Pre-flight checks completed

━━━━━━━━━━━━━━━━━━━━━━━━━━━━━━━━━━━━━━━━━━━━━━━━━━━━━━━━━━━━
  Socket CLI - Custom Node.js Builder
  Node.js v24.10.0 with custom patches
  Started: 2025-10-19T12:36:38.445Z
━━━━━━━━━━━━━━━━━━━━━━━━━━━━━━━━━━━━━━━━━━━━━━━━━━━━━━━━━━━━

Phase 1: Pre-flight Checks
Pre-flight checks completed

━━━━━━━━━━━━━━━━━━━━━━━━━━━━━━━━━━━━━━━━━━━━━━━━━━━━━━━━━━━━
  Socket CLI - Custom Node.js Builder
  Node.js v24.10.0 with custom patches
  Started: 2025-10-19T13:39:10.594Z
━━━━━━━━━━━━━━━━━━━━━━━━━━━━━━━━━━━━━━━━━━━━━━━━━━━━━━━━━━━━

Phase 1: Pre-flight Checks
Pre-flight checks completed

━━━━━━━━━━━━━━━━━━━━━━━━━━━━━━━━━━━━━━━━━━━━━━━━━━━━━━━━━━━━
  Socket CLI - Custom Node.js Builder
  Node.js v24.10.0 with custom patches
  Started: 2025-10-19T13:39:49.087Z
━━━━━━━━━━━━━━━━━━━━━━━━━━━━━━━━━━━━━━━━━━━━━━━━━━━━━━━━━━━━

Phase 1: Pre-flight Checks
Pre-flight checks completed

━━━━━━━━━━━━━━━━━━━━━━━━━━━━━━━━━━━━━━━━━━━━━━━━━━━━━━━━━━━━
  Socket CLI - Custom Node.js Builder
  Node.js v24.10.0 with custom patches
  Started: 2025-10-19T14:00:43.632Z
━━━━━━━━━━━━━━━━━━━━━━━━━━━━━━━━━━━━━━━━━━━━━━━━━━━━━━━━━━━━

Phase 1: Pre-flight Checks
Pre-flight checks completed

━━━━━━━━━━━━━━━━━━━━━━━━━━━━━━━━━━━━━━━━━━━━━━━━━━━━━━━━━━━━
  Socket CLI - Custom Node.js Builder
  Node.js v24.10.0 with custom patches
  Started: 2025-10-19T14:02:40.209Z
━━━━━━━━━━━━━━━━━━━━━━━━━━━━━━━━━━━━━━━━━━━━━━━━━━━━━━━━━━━━

Phase 1: Pre-flight Checks
Pre-flight checks completed

━━━━━━━━━━━━━━━━━━━━━━━━━━━━━━━━━━━━━━━━━━━━━━━━━━━━━━━━━━━━
  Socket CLI - Custom Node.js Builder
  Node.js v24.10.0 with custom patches
  Started: 2025-10-19T14:04:17.940Z
━━━━━━━━━━━━━━━━━━━━━━━━━━━━━━━━━━━━━━━━━━━━━━━━━━━━━━━━━━━━

Phase 1: Pre-flight Checks
Pre-flight checks completed

━━━━━━━━━━━━━━━━━━━━━━━━━━━━━━━━━━━━━━━━━━━━━━━━━━━━━━━━━━━━
  Socket CLI - Custom Node.js Builder
  Node.js v24.10.0 with custom patches
  Started: 2025-10-19T19:02:17.079Z
━━━━━━━━━━━━━━━━━━━━━━━━━━━━━━━━━━━━━━━━━━━━━━━━━━━━━━━━━━━━

Phase 1: Pre-flight Checks
Pre-flight checks completed

━━━━━━━━━━━━━━━━━━━━━━━━━━━━━━━━━━━━━━━━━━━━━━━━━━━━━━━━━━━━
  Socket CLI - Custom Node.js Builder
  Node.js v24.10.0 with custom patches
  Started: 2025-10-22T19:35:03.107Z
━━━━━━━━━━━━━━━━━━━━━━━━━━━━━━━━━━━━━━━━━━━━━━━━━━━━━━━━━━━━

Phase 1: Pre-flight Checks
Pre-flight checks completed

━━━━━━━━━━━━━━━━━━━━━━━━━━━━━━━━━━━━━━━━━━━━━━━━━━━━━━━━━━━━
  Socket CLI - Custom Node.js Builder
  Node.js v24.10.0 with custom patches
  Started: 2025-10-22T19:46:59.787Z
━━━━━━━━━━━━━━━━━━━━━━━━━━━━━━━━━━━━━━━━━━━━━━━━━━━━━━━━━━━━

Phase 1: Pre-flight Checks
Pre-flight checks completed

